<?xml version="1.0" encoding="UTF-8"?>
<!-- Generated by org.testng.reporters.JUnitReportReporter -->
<testsuite skipped="0" hostname="W1751768" name="MavenDemoGrpID.MavenDemo.AmazonTest" tests="1" failures="0" timestamp="06 Dec 2017 12:07:41 GMT" time="8.362" errors="0">
  <testcase name="normalLogin" time="8.362" classname="MavenDemoGrpID.MavenDemo.AmazonTest"/>
</testsuite> <!-- MavenDemoGrpID.MavenDemo.AmazonTest -->
