<?xml version="1.0" encoding="UTF-8"?>
<!-- Generated by org.testng.reporters.JUnitReportReporter -->
<testsuite skipped="0" hostname="W1751768" name="MavenDemoGrpID.MavenDemo.AppTest" tests="1" failures="0" timestamp="06 Dec 2017 12:07:41 GMT" time="0.000" errors="0">
  <testcase name="testApp" time="0.000" classname="MavenDemoGrpID.MavenDemo.AppTest"/>
</testsuite> <!-- MavenDemoGrpID.MavenDemo.AppTest -->
